{
  "RSpec": {
    "coverage": {
      "/Users/lukeshillabeer/Code/wdi/project-3/itcounts/app/controllers/application_controller.rb": [
        1,
        null,
        null,
        1,
        null,
        1,
        0,
        null,
        null,
        1,
        0,
        null,
        null,
        1,
        0,
        null,
        null,
        1,
        null
      ],
      "/Users/lukeshillabeer/Code/wdi/project-3/itcounts/app/helpers/application_helper.rb": [
        1,
        null
      ],
      "/Users/lukeshillabeer/Code/wdi/project-3/itcounts/app/controllers/categories_controller.rb": [
        1,
        1,
        1,
        null,
        null,
        1,
        0,
        null,
        null,
        null,
        1,
        0,
        null,
        null,
        0,
        0,
        null,
        null,
        null,
        1,
        0,
        null,
        0,
        null,
        null,
        null,
        null
      ],
      "/Users/lukeshillabeer/Code/wdi/project-3/itcounts/app/controllers/goals_controller.rb": [
        1,
        1,
        1,
        null,
        null,
        1,
        0,
        0,
        0,
        null,
        0,
        0,
        null,
        null,
        null,
        1,
        0,
        0,
        0,
        0,
        0,
        0,
        null,
        null,
        null,
        0,
        null,
        null,
        null,
        1,
        0,
        0,
        0,
        0,
        0,
        0,
        null,
        null,
        1,
        0,
        0,
        null,
        0,
        null,
        null,
        1,
        null
      ],
      "/Users/lukeshillabeer/Code/wdi/project-3/itcounts/app/controllers/pages_controller.rb": [
        1,
        null,
        1,
        null,
        null,
        null,
        null,
        0,
        null,
        null,
        0,
        null,
        null,
        0,
        0,
        0,
        null,
        0,
        null,
        null,
        null,
        1,
        null,
        null,
        null,
        1,
        null,
        null,
        null,
        1,
        null,
        null,
        null,
        null,
        null
      ],
      "/Users/lukeshillabeer/Code/wdi/project-3/itcounts/app/controllers/session_controller.rb": [
        1,
        1,
        null,
        null,
        1,
        0,
        null,
        0,
        null,
        null,
        1,
        null,
        0,
        0,
        0,
        0,
        null,
        0,
        null,
        null,
        null,
        1,
        0,
        0,
        null,
        null,
        null
      ],
      "/Users/lukeshillabeer/Code/wdi/project-3/itcounts/app/controllers/users_controller.rb": [
        1,
        1,
        null,
        null,
        1,
        0,
        0,
        0,
        null,
        0,
        null,
        null,
        null,
        null,
        1,
        0,
        0,
        0,
        0,
        null,
        0,
        null,
        null,
        null,
        null,
        1,
        0,
        0,
        null,
        null,
        1,
        0,
        null,
        null,
        1,
        null
      ],
      "/Users/lukeshillabeer/Code/wdi/project-3/itcounts/app/models/category.rb": [
        1,
        1,
        1,
        null
      ],
      "/Users/lukeshillabeer/Code/wdi/project-3/itcounts/app/models/fact.rb": [
        1,
        1,
        null
      ],
      "/Users/lukeshillabeer/Code/wdi/project-3/itcounts/app/models/goal.rb": [
        1,
        1,
        1,
        1,
        null
      ],
      "/Users/lukeshillabeer/Code/wdi/project-3/itcounts/app/models/user_goal.rb": [
        1,
        1,
        1,
        null
      ],
      "/Users/lukeshillabeer/Code/wdi/project-3/itcounts/app/models/user.rb": [
        1,
        1,
        1,
        null,
        1,
        1,
        null,
        1,
        1,
        1,
        1,
        1,
        null,
        1,
        2,
        2,
        2,
        null,
        null,
        null,
        null,
        null,
        1,
        6,
        6,
        6,
        null,
        null,
        null,
        null
      ]
    },
    "timestamp": 1431052542
  }
}
